0 verbose cli /root/.nvm/versions/node/v22.18.0/bin/node /root/.nvm/versions/node/v22.18.0/bin/npm
1 info using npm@10.9.3
2 info using node@v22.18.0
3 silly config load:file:/root/.nvm/versions/node/v22.18.0/lib/node_modules/npm/npmrc
4 silly config load:file:/root/.npmrc
5 silly config load:file:/root/.nvm/versions/node/v22.18.0/etc/npmrc
6 verbose title npm install express mongoose bcryptjs jsonwebtoken dotenv cors
7 verbose argv "install" "express" "mongoose" "bcryptjs" "jsonwebtoken" "dotenv" "cors"
8 verbose logfile logs-max:10 dir:/root/.npm/_logs/2025-08-19T15_14_37_416Z-
9 verbose logfile /root/.npm/_logs/2025-08-19T15_14_37_416Z-debug-0.log
10 silly logfile start cleaning logs, removing 1 files
11 silly packumentCache heap:2197815296 maxSize:549453824 maxEntrySize:274726912
12 silly logfile done cleaning log files
13 silly idealTree buildDeps
14 silly fetch manifest bcryptjs@^3.0.2
15 silly packumentCache full:https://registry.npmjs.org/bcryptjs cache-miss
16 http fetch GET 200 https://registry.npmjs.org/bcryptjs 220ms (cache revalidated)
17 silly packumentCache full:https://registry.npmjs.org/bcryptjs set size:77787 disposed:false
18 silly fetch manifest express@^4.21.2
19 silly packumentCache full:https://registry.npmjs.org/express cache-miss
20 http fetch GET 200 https://registry.npmjs.org/express 62ms (cache revalidated)
21 silly packumentCache full:https://registry.npmjs.org/express set size:796252 disposed:false
22 silly fetch manifest jsonwebtoken@^9.0.2
23 silly packumentCache full:https://registry.npmjs.org/jsonwebtoken cache-miss
24 http fetch GET 200 https://registry.npmjs.org/jsonwebtoken 60ms (cache revalidated)
25 silly packumentCache full:https://registry.npmjs.org/jsonwebtoken set size:181305 disposed:false
26 silly fetch manifest mongoose@^8.17.2
27 silly packumentCache full:https://registry.npmjs.org/mongoose cache-miss
28 http fetch GET 200 https://registry.npmjs.org/mongoose 75ms (cache revalidated)
29 silly packumentCache full:https://registry.npmjs.org/mongoose set size:3799058 disposed:false
30 silly fetch manifest dotenv@*
31 silly packumentCache full:https://registry.npmjs.org/dotenv cache-miss
32 http fetch GET 200 https://registry.npmjs.org/dotenv 44ms (cache revalidated)
33 silly packumentCache full:https://registry.npmjs.org/dotenv set size:255898 disposed:false
34 silly fetch manifest cors@*
35 silly packumentCache full:https://registry.npmjs.org/cors cache-miss
36 http fetch GET 200 https://registry.npmjs.org/cors 58ms (cache revalidated)
37 silly packumentCache full:https://registry.npmjs.org/cors set size:73833 disposed:false
38 silly placeDep ROOT bcryptjs@3.0.2 REPLACE for: root@1.0.0 want: ^3.0.2
39 silly placeDep ROOT cors@2.8.5 OK for: root@1.0.0 want: *
40 silly placeDep ROOT dotenv@17.2.1 OK for: root@1.0.0 want: *
41 silly placeDep ROOT express@4.21.2 REPLACE for: root@1.0.0 want: ^4.21.2
42 silly placeDep ROOT jsonwebtoken@9.0.2 REPLACE for: root@1.0.0 want: ^9.0.2
43 silly placeDep ROOT mongoose@8.17.2 REPLACE for: root@1.0.0 want: ^8.17.2
44 silly fetch manifest object-assign@^4
45 silly packumentCache full:https://registry.npmjs.org/object-assign cache-miss
46 http fetch GET 200 https://registry.npmjs.org/object-assign 47ms (cache revalidated)
47 silly packumentCache full:https://registry.npmjs.org/object-assign set size:28988 disposed:false
48 silly placeDep ROOT object-assign@4.1.1 OK for: cors@2.8.5 want: ^4
49 silly reify moves {}
50 silly audit bulk request {
50 silly audit   '@ampproject/remapping': [ '2.3.0' ],
50 silly audit   '@babel/code-frame': [ '7.27.1' ],
50 silly audit   '@babel/compat-data': [ '7.28.0' ],
50 silly audit   '@babel/core': [ '7.28.3' ],
50 silly audit   debug: [ '4.4.1', '2.6.9' ],
50 silly audit   ms: [ '2.1.3', '2.0.0' ],
50 silly audit   semver: [ '6.3.1', '7.7.2' ],
50 silly audit   '@babel/generator': [ '7.28.3' ],
50 silly audit   '@babel/helper-compilation-targets': [ '7.27.2' ],
50 silly audit   '@babel/helper-globals': [ '7.28.0' ],
50 silly audit   '@babel/helper-module-imports': [ '7.27.1' ],
50 silly audit   '@babel/helper-module-transforms': [ '7.28.3' ],
50 silly audit   '@babel/helper-plugin-utils': [ '7.27.1' ],
50 silly audit   '@babel/helper-string-parser': [ '7.27.1' ],
50 silly audit   '@babel/helper-validator-identifier': [ '7.27.1' ],
50 silly audit   '@babel/helper-validator-option': [ '7.27.1' ],
50 silly audit   '@babel/helpers': [ '7.28.3' ],
50 silly audit   '@babel/parser': [ '7.28.3' ],
50 silly audit   '@babel/plugin-syntax-async-generators': [ '7.8.4' ],
50 silly audit   '@babel/plugin-syntax-bigint': [ '7.8.3' ],
50 silly audit   '@babel/plugin-syntax-class-properties': [ '7.12.13' ],
50 silly audit   '@babel/plugin-syntax-class-static-block': [ '7.14.5' ],
50 silly audit   '@babel/plugin-syntax-import-attributes': [ '7.27.1' ],
50 silly audit   '@babel/plugin-syntax-import-meta': [ '7.10.4' ],
50 silly audit   '@babel/plugin-syntax-json-strings': [ '7.8.3' ],
50 silly audit   '@babel/plugin-syntax-jsx': [ '7.27.1' ],
50 silly audit   '@babel/plugin-syntax-logical-assignment-operators': [ '7.10.4' ],
50 silly audit   '@babel/plugin-syntax-nullish-coalescing-operator': [ '7.8.3' ],
50 silly audit   '@babel/plugin-syntax-numeric-separator': [ '7.10.4' ],
50 silly audit   '@babel/plugin-syntax-object-rest-spread': [ '7.8.3' ],
50 silly audit   '@babel/plugin-syntax-optional-catch-binding': [ '7.8.3' ],
50 silly audit   '@babel/plugin-syntax-optional-chaining': [ '7.8.3' ],
50 silly audit   '@babel/plugin-syntax-private-property-in-object': [ '7.14.5' ],
50 silly audit   '@babel/plugin-syntax-top-level-await': [ '7.14.5' ],
50 silly audit   '@babel/plugin-syntax-typescript': [ '7.27.1' ],
50 silly audit   '@babel/template': [ '7.27.2' ],
50 silly audit   '@babel/traverse': [ '7.28.3' ],
50 silly audit   '@babel/types': [ '7.28.2' ],
50 silly audit   '@bcoe/v8-coverage': [ '0.2.3' ],
50 silly audit   '@istanbuljs/load-nyc-config': [ '1.1.0' ],
50 silly audit   '@istanbuljs/schema': [ '0.1.3' ],
50 silly audit   '@jest/console': [ '29.7.0' ],
50 silly audit   '@jest/core': [ '29.7.0' ],
50 silly audit   '@jest/environment': [ '29.7.0' ],
50 silly audit   '@jest/expect': [ '29.7.0' ],
50 silly audit   '@jest/expect-utils': [ '29.7.0' ],
50 silly audit   '@jest/fake-timers': [ '29.7.0' ],
50 silly audit   '@jest/globals': [ '29.7.0' ],
50 silly audit   '@jest/reporters': [ '29.7.0' ],
50 silly audit   '@jest/schemas': [ '29.6.3' ],
50 silly audit   '@jest/source-map': [ '29.6.3' ],
50 silly audit   '@jest/test-result': [ '29.7.0' ],
50 silly audit   '@jest/test-sequencer': [ '29.7.0' ],
50 silly audit   '@jest/transform': [ '29.7.0' ],
50 silly audit   '@jest/types': [ '29.6.3' ],
50 silly audit   '@jridgewell/gen-mapping': [ '0.3.13' ],
50 silly audit   '@jridgewell/resolve-uri': [ '3.1.2' ],
50 silly audit   '@jridgewell/sourcemap-codec': [ '1.5.5' ],
50 silly audit   '@jridgewell/trace-mapping': [ '0.3.30' ],
50 silly audit   '@mongodb-js/saslprep': [ '1.3.0' ],
50 silly audit   '@sinclair/typebox': [ '0.27.8' ],
50 silly audit   '@sinonjs/commons': [ '3.0.1' ],
50 silly audit   '@sinonjs/fake-timers': [ '10.3.0' ],
50 silly audit   '@types/babel__core': [ '7.20.5' ],
50 silly audit   '@types/babel__generator': [ '7.27.0' ],
50 silly audit   '@types/babel__template': [ '7.4.4' ],
50 silly audit   '@types/babel__traverse': [ '7.28.0' ],
50 silly audit   '@types/graceful-fs': [ '4.1.9' ],
50 silly audit   '@types/istanbul-lib-coverage': [ '2.0.6' ],
50 silly audit   '@types/istanbul-lib-report': [ '3.0.3' ],
50 silly audit   '@types/istanbul-reports': [ '3.0.4' ],
50 silly audit   '@types/node': [ '24.3.0' ],
50 silly audit   '@types/stack-utils': [ '2.0.3' ],
50 silly audit   '@types/webidl-conversions': [ '7.0.3' ],
50 silly audit   '@types/whatwg-url': [ '11.0.5' ],
50 silly audit   '@types/yargs': [ '17.0.33' ],
50 silly audit   '@types/yargs-parser': [ '21.0.3' ],
50 silly audit   accepts: [ '1.3.8' ],
50 silly audit   'ansi-escapes': [ '4.3.2' ],
50 silly audit   'ansi-regex': [ '5.0.1' ],
50 silly audit   'ansi-styles': [ '4.3.0', '5.2.0' ],
50 silly audit   anymatch: [ '3.1.3' ],
50 silly audit   argparse: [ '1.0.10' ],
50 silly audit   'array-flatten': [ '1.1.1' ],
50 silly audit   'babel-jest': [ '29.7.0' ],
50 silly audit   'babel-plugin-istanbul': [ '6.1.1' ],
50 silly audit   'istanbul-lib-instrument': [ '5.2.1', '6.0.3' ],
50 silly audit   'babel-plugin-jest-hoist': [ '29.6.3' ],
50 silly audit   'babel-preset-current-node-syntax': [ '1.2.0' ],
50 silly audit   'babel-preset-jest': [ '29.6.3' ],
50 silly audit   'balanced-match': [ '1.0.2' ],
50 silly audit   bcrypt: [ '6.0.0' ],
50 silly audit   'body-parser': [ '1.20.3' ],
50 silly audit   'brace-expansion': [ '1.1.12' ],
50 silly audit   braces: [ '3.0.3' ],
50 silly audit   browserslist: [ '4.25.3' ],
50 silly audit   bser: [ '2.1.1' ],
50 silly audit   bson: [ '6.10.4' ],
50 silly audit   'buffer-equal-constant-time': [ '1.0.1' ],
50 silly audit   'buffer-from': [ '1.1.2' ],
50 silly audit   bytes: [ '3.1.2' ],
50 silly audit   'call-bind-apply-helpers': [ '1.0.2' ],
50 silly audit   'call-bound': [ '1.0.4' ],
50 silly audit   callsites: [ '3.1.0' ],
50 silly audit   camelcase: [ '5.3.1', '6.3.0' ],
50 silly audit   'caniuse-lite': [ '1.0.30001735' ],
50 silly audit   chalk: [ '4.1.2' ],
50 silly audit   'char-regex': [ '1.0.2' ],
50 silly audit   'ci-info': [ '3.9.0' ],
50 silly audit   'cjs-module-lexer': [ '1.4.3' ],
50 silly audit   cliui: [ '8.0.1' ],
50 silly audit   co: [ '4.6.0' ],
50 silly audit   'collect-v8-coverage': [ '1.0.2' ],
50 silly audit   'color-convert': [ '2.0.1' ],
50 silly audit   'color-name': [ '1.1.4' ],
50 silly audit   'concat-map': [ '0.0.1' ],
50 silly audit   'content-disposition': [ '0.5.4' ],
50 silly audit   'content-type': [ '1.0.5' ],
50 silly audit   'convert-source-map': [ '2.0.0' ],
50 silly audit   cookie: [ '0.7.1' ],
50 silly audit   'cookie-signature': [ '1.0.6' ],
50 silly audit   'create-jest': [ '29.7.0' ],
50 silly audit   'cross-spawn': [ '7.0.6' ],
50 silly audit   dedent: [ '1.6.0' ],
50 silly audit   deepmerge: [ '4.3.1' ],
50 silly audit   depd: [ '2.0.0' ],
50 silly audit   destroy: [ '1.2.0' ],
50 silly audit   'detect-newline': [ '3.1.0' ],
50 silly audit   'diff-sequences': [ '29.6.3' ],
50 silly audit   'dunder-proto': [ '1.0.1' ],
50 silly audit   'ecdsa-sig-formatter': [ '1.0.11' ],
50 silly audit   'ee-first': [ '1.1.1' ],
50 silly audit   'electron-to-chromium': [ '1.5.205' ],
50 silly audit   emittery: [ '0.13.1' ],
50 silly audit   'emoji-regex': [ '8.0.0' ],
50 silly audit   encodeurl: [ '2.0.0', '1.0.2' ],
50 silly audit   'error-ex': [ '1.3.2' ],
50 silly audit   'es-define-property': [ '1.0.1' ],
50 silly audit   'es-errors': [ '1.3.0' ],
50 silly audit   'es-object-atoms': [ '1.1.1' ],
50 silly audit   escalade: [ '3.2.0' ],
50 silly audit   'escape-html': [ '1.0.3' ],
50 silly audit   'escape-string-regexp': [ '2.0.0' ],
50 silly audit   esprima: [ '4.0.1' ],
50 silly audit   etag: [ '1.8.1' ],
50 silly audit   execa: [ '5.1.1' ],
50 silly audit   exit: [ '0.1.2' ],
50 silly audit   expect: [ '29.7.0' ],
50 silly audit   'fast-json-stable-stringify': [ '2.1.0' ],
50 silly audit   'fb-watchman': [ '2.0.2' ],
50 silly audit   'fill-range': [ '7.1.1' ],
50 silly audit   finalhandler: [ '1.3.1' ],
50 silly audit   'find-up': [ '4.1.0' ],
50 silly audit   forwarded: [ '0.2.0' ],
50 silly audit   fresh: [ '0.5.2' ],
50 silly audit   'fs.realpath': [ '1.0.0' ],
50 silly audit   fsevents: [ '2.3.3' ],
50 silly audit   'function-bind': [ '1.1.2' ],
50 silly audit   gensync: [ '1.0.0-beta.2' ],
50 silly audit   'get-caller-file': [ '2.0.5' ],
50 silly audit   'get-intrinsic': [ '1.3.0' ],
50 silly audit   'get-package-type': [ '0.1.0' ],
50 silly audit   'get-proto': [ '1.0.1' ],
50 silly audit   'get-stream': [ '6.0.1' ],
50 silly audit   glob: [ '7.2.3' ],
50 silly audit   gopd: [ '1.2.0' ],
50 silly audit   'graceful-fs': [ '4.2.11' ],
50 silly audit   'has-flag': [ '4.0.0' ],
50 silly audit   'has-symbols': [ '1.1.0' ],
50 silly audit   hasown: [ '2.0.2' ],
50 silly audit   'html-escaper': [ '2.0.2' ],
50 silly audit   'http-errors': [ '2.0.0' ],
50 silly audit   'human-signals': [ '2.1.0' ],
50 silly audit   'iconv-lite': [ '0.4.24' ],
50 silly audit   'import-local': [ '3.2.0' ],
50 silly audit   imurmurhash: [ '0.1.4' ],
50 silly audit   inflight: [ '1.0.6' ],
50 silly audit   inherits: [ '2.0.4' ],
50 silly audit   'ipaddr.js': [ '1.9.1' ],
50 silly audit   'is-arrayish': [ '0.2.1' ],
50 silly audit   'is-core-module': [ '2.16.1' ],
50 silly audit   'is-fullwidth-code-point': [ '3.0.0' ],
50 silly audit   'is-generator-fn': [ '2.1.0' ],
50 silly audit   'is-number': [ '7.0.0' ],
50 silly audit   'is-stream': [ '2.0.1' ],
50 silly audit   isexe: [ '2.0.0' ],
50 silly audit   'istanbul-lib-coverage': [ '3.2.2' ],
50 silly audit   'istanbul-lib-report': [ '3.0.1' ],
50 silly audit   'istanbul-lib-source-maps': [ '4.0.1' ],
50 silly audit   'istanbul-reports': [ '3.2.0' ],
50 silly audit   jest: [ '29.7.0' ],
50 silly audit   'jest-changed-files': [ '29.7.0' ],
50 silly audit   'jest-circus': [ '29.7.0' ],
50 silly audit   'jest-cli': [ '29.7.0' ],
50 silly audit   'jest-config': [ '29.7.0' ],
50 silly audit   'jest-diff': [ '29.7.0' ],
50 silly audit   'jest-docblock': [ '29.7.0' ],
50 silly audit   'jest-each': [ '29.7.0' ],
50 silly audit   'jest-environment-node': [ '29.7.0' ],
50 silly audit   'jest-get-type': [ '29.6.3' ],
50 silly audit   'jest-haste-map': [ '29.7.0' ],
50 silly audit   'jest-leak-detector': [ '29.7.0' ],
50 silly audit   'jest-matcher-utils': [ '29.7.0' ],
50 silly audit   'jest-message-util': [ '29.7.0' ],
50 silly audit   'jest-mock': [ '29.7.0' ],
50 silly audit   'jest-pnp-resolver': [ '1.2.3' ],
50 silly audit   'jest-regex-util': [ '29.6.3' ],
50 silly audit   'jest-resolve': [ '29.7.0' ],
50 silly audit   'jest-resolve-dependencies': [ '29.7.0' ],
50 silly audit   'jest-runner': [ '29.7.0' ],
50 silly audit   'jest-runtime': [ '29.7.0' ],
50 silly audit   'jest-snapshot': [ '29.7.0' ],
50 silly audit   'jest-util': [ '29.7.0' ],
50 silly audit   'jest-validate': [ '29.7.0' ],
50 silly audit   'jest-watcher': [ '29.7.0' ],
50 silly audit   'jest-worker': [ '29.7.0' ],
50 silly audit   'supports-color': [ '8.1.1', '7.2.0' ],
50 silly audit   'js-tokens': [ '4.0.0' ],
50 silly audit   'js-yaml': [ '3.14.1' ],
50 silly audit   jsesc: [ '3.1.0' ],
50 silly audit   'json-parse-even-better-errors': [ '2.3.1' ],
50 silly audit   json5: [ '2.2.3' ],
50 silly audit   jwa: [ '1.4.2' ],
50 silly audit   jws: [ '3.2.2' ],
50 silly audit   kareem: [ '2.6.3' ],
50 silly audit   kleur: [ '3.0.3' ],
50 silly audit   leven: [ '3.1.0' ],
50 silly audit   'lines-and-columns': [ '1.2.4' ],
50 silly audit   'locate-path': [ '5.0.0' ],
50 silly audit   'lodash.includes': [ '4.3.0' ],
50 silly audit   'lodash.isboolean': [ '3.0.3' ],
50 silly audit   'lodash.isinteger': [ '4.0.4' ],
50 silly audit   'lodash.isnumber': [ '3.0.3' ],
50 silly audit   'lodash.isplainobject': [ '4.0.6' ],
50 silly audit   'lodash.isstring': [ '4.0.1' ],
50 silly audit   'lodash.once': [ '4.1.1' ],
50 silly audit   'lru-cache': [ '5.1.1' ],
50 silly audit   'make-dir': [ '4.0.0' ],
50 silly audit   makeerror: [ '1.0.12' ],
50 silly audit   'math-intrinsics': [ '1.1.0' ],
50 silly audit   'media-typer': [ '0.3.0' ],
50 silly audit   'memory-pager': [ '1.5.0' ],
50 silly audit   'merge-descriptors': [ '1.0.3' ],
50 silly audit   'merge-stream': [ '2.0.0' ],
50 silly audit   methods: [ '1.1.2' ],
50 silly audit   micromatch: [ '4.0.8' ],
50 silly audit   mime: [ '1.6.0' ],
50 silly audit   'mime-db': [ '1.52.0' ],
50 silly audit   'mime-types': [ '2.1.35' ],
50 silly audit   'mimic-fn': [ '2.1.0' ],
50 silly audit   minimatch: [ '3.1.2' ],
50 silly audit   mongodb: [ '6.18.0' ],
50 silly audit   'mongodb-connection-string-url': [ '3.0.2' ],
50 silly audit   mpath: [ '0.9.0' ],
50 silly audit   mquery: [ '5.0.0' ],
50 silly audit   'natural-compare': [ '1.4.0' ],
50 silly audit   negotiator: [ '0.6.3' ],
50 silly audit   'node-addon-api': [ '8.5.0' ],
50 silly audit   'node-gyp-build': [ '4.8.4' ],
50 silly audit   'node-int64': [ '0.4.0' ],
50 silly audit   'node-releases': [ '2.0.19' ],
50 silly audit   'normalize-path': [ '3.0.0' ],
50 silly audit   'npm-run-path': [ '4.0.1' ],
50 silly audit   'object-inspect': [ '1.13.4' ],
50 silly audit   'on-finished': [ '2.4.1' ],
50 silly audit   once: [ '1.4.0' ],
50 silly audit   onetime: [ '5.1.2' ],
50 silly audit   'p-limit': [ '3.1.0', '2.3.0' ],
50 silly audit   'p-locate': [ '4.1.0' ],
50 silly audit   'p-try': [ '2.2.0' ],
50 silly audit   'parse-json': [ '5.2.0' ],
50 silly audit   parseurl: [ '1.3.3' ],
50 silly audit   'path-exists': [ '4.0.0' ],
50 silly audit   'path-is-absolute': [ '1.0.1' ],
50 silly audit   'path-key': [ '3.1.1' ],
50 silly audit   'path-parse': [ '1.0.7' ],
50 silly audit   'path-to-regexp': [ '0.1.12' ],
50 silly audit   picocolors: [ '1.1.1' ],
50 silly audit   picomatch: [ '2.3.1' ],
50 silly audit   pirates: [ '4.0.7' ],
50 silly audit   'pkg-dir': [ '4.2.0' ],
50 silly audit   'pretty-format': [ '29.7.0' ],
50 silly audit   prompts: [ '2.4.2' ],
50 silly audit   'proxy-addr': [ '2.0.7' ],
50 silly audit   punycode: [ '2.3.1' ],
50 silly audit   'pure-rand': [ '6.1.0' ],
50 silly audit   qs: [ '6.13.0' ],
50 silly audit   'range-parser': [ '1.2.1' ],
50 silly audit   'raw-body': [ '2.5.2' ],
50 silly audit   'react-is': [ '18.3.1' ],
50 silly audit   'require-directory': [ '2.1.1' ],
50 silly audit   resolve: [ '1.22.10' ],
50 silly audit   'resolve-cwd': [ '3.0.0' ],
50 silly audit   'resolve-from': [ '5.0.0' ],
50 silly audit   'resolve.exports': [ '2.0.3' ],
50 silly audit   'safe-buffer': [ '5.2.1' ],
50 silly audit   'safer-buffer': [ '2.1.2' ],
50 silly audit   send: [ '0.19.0' ],
50 silly audit   'serve-static': [ '1.16.2' ],
50 silly audit   setprototypeof: [ '1.2.0' ],
50 silly audit   'shebang-command': [ '2.0.0' ],
50 silly audit   'shebang-regex': [ '3.0.0' ],
50 silly audit   'side-channel': [ '1.1.0' ],
50 silly audit   'side-channel-list': [ '1.0.0' ],
50 silly audit   'side-channel-map': [ '1.0.1' ],
50 silly audit   'side-channel-weakmap': [ '1.0.2' ],
50 silly audit   sift: [ '17.1.3' ],
50 silly audit   'signal-exit': [ '3.0.7' ],
50 silly audit   sisteransi: [ '1.0.5' ],
50 silly audit   slash: [ '3.0.0' ],
50 silly audit   'source-map': [ '0.6.1' ],
50 silly audit   'source-map-support': [ '0.5.13' ],
50 silly audit   'sparse-bitfield': [ '3.0.3' ],
50 silly audit   'sprintf-js': [ '1.0.3' ],
50 silly audit   'stack-utils': [ '2.0.6' ],
50 silly audit   statuses: [ '2.0.1' ],
50 silly audit   'string-length': [ '4.0.2' ],
50 silly audit   'string-width': [ '4.2.3' ],
50 silly audit   'strip-ansi': [ '6.0.1' ],
50 silly audit   'strip-bom': [ '4.0.0' ],
50 silly audit   'strip-final-newline': [ '2.0.0' ],
50 silly audit   'strip-json-comments': [ '3.1.1' ],
50 silly audit   'supports-preserve-symlinks-flag': [ '1.0.0' ],
50 silly audit   'test-exclude': [ '6.0.0' ],
50 silly audit   tmpl: [ '1.0.5' ],
50 silly audit   'to-regex-range': [ '5.0.1' ],
50 silly audit   toidentifier: [ '1.0.1' ],
50 silly audit   tr46: [ '5.1.1' ],
50 silly audit   'type-detect': [ '4.0.8' ],
50 silly audit   'type-fest': [ '0.21.3' ],
50 silly audit   'type-is': [ '1.6.18' ],
50 silly audit   'undici-types': [ '7.10.0' ],
50 silly audit   unpipe: [ '1.0.0' ],
50 silly audit   'update-browserslist-db': [ '1.1.3' ],
50 silly audit   'utils-merge': [ '1.0.1' ],
50 silly audit   'v8-to-istanbul': [ '9.3.0' ],
50 silly audit   vary: [ '1.1.2' ],
50 silly audit   walker: [ '1.0.8' ],
50 silly audit   'webidl-conversions': [ '7.0.0' ],
50 silly audit   'whatwg-url': [ '14.2.0' ],
50 silly audit   which: [ '2.0.2' ],
50 silly audit   'wrap-ansi': [ '7.0.0' ],
50 silly audit   wrappy: [ '1.0.2' ],
50 silly audit   'write-file-atomic': [ '4.0.2' ],
50 silly audit   y18n: [ '5.0.8' ],
50 silly audit   yallist: [ '3.1.1' ],
50 silly audit   yargs: [ '17.7.2' ],
50 silly audit   'yargs-parser': [ '21.1.1' ],
50 silly audit   'yocto-queue': [ '0.1.0' ],
50 silly audit   bcryptjs: [ '3.0.2' ],
50 silly audit   cors: [ '2.8.5' ],
50 silly audit   dotenv: [ '17.2.1' ],
50 silly audit   express: [ '4.21.2' ],
50 silly audit   jsonwebtoken: [ '9.0.2' ],
50 silly audit   mongoose: [ '8.17.2' ],
50 silly audit   'object-assign': [ '4.1.1' ]
50 silly audit }
51 verbose reify failed optional dependency /root/node_modules/fsevents
52 silly reify mark deleted [ '/root/node_modules/fsevents' ]
53 http cache object-assign@https://registry.npmjs.org/object-assign/-/object-assign-4.1.1.tgz 0ms (cache hit)
54 http cache cors@https://registry.npmjs.org/cors/-/cors-2.8.5.tgz 0ms (cache hit)
55 http cache dotenv@https://registry.npmjs.org/dotenv/-/dotenv-17.2.1.tgz 0ms (cache hit)
56 http fetch POST 200 https://registry.npmjs.org/-/npm/v1/security/advisories/bulk 167ms
57 silly audit report {}
58 silly ADD node_modules/object-assign
59 silly ADD node_modules/dotenv
60 silly ADD node_modules/cors
61 silly ADD
62 verbose cwd /root
63 verbose os Linux 6.8.0-71-generic
64 verbose node v22.18.0
65 verbose npm  v10.9.3
66 verbose exit 0
67 info ok
